<?xml version="1.0" encoding="UTF-8"?>
<dc:dc xmlns:dc="http://purl.org/dc/elements/1.1/">
   <dc:title>Main Title of Work Goes Here</dc:title>
   <dc:creator>Author of Work (Birth-yearâ€”Death-year)</dc:creator>
   <dc:creator>A. U. Thor</dc:creator>
   <dc:creator>W. Riter</dc:creator>
   <dc:publisher>Project Gutenberg, Urbana, Illinois, USA., 8 April 2004</dc:publisher>
   <dc:rights>
               Details of the copyright status of the work go here. Most Project Gutenberg texts will be in the public domain in the US. This test file itself is released under the GNU General Public License, version 3.0, or any later version. See http://www.gnu.org/copyleft/gpl.html.
               Typically, the following text will be used:

               This eBook is for the use of anyone anywhere at no cost and with almost no restrictions whatsoever. You may copy it, give it away or re-use it under the terms of the Project Gutenberg License included with this eBook or online at www.gutenberg.org.
            </dc:rights>
</dc:dc>