<?xml version="1.0" encoding="UTF-8"?>
<!DOCTYPE ncx
  PUBLIC "-//NISO//DTD ncx 2005-1//EN" "http://www.daisy.org/z3986/2005/ncx-2005-1.dtd">
<ncx xmlns="http://www.daisy.org/z3986/2005/ncx/" version="2005-1" xml:lang="en-US">
   <head>
      <meta name="dbt:uid" content="http://www.gutenberg.org/ebooks/123456789"/>
      <meta name="dtb:depth" content="2"/>
      <meta name="dtb:totalPageCount" content="0"/>
      <meta name="dtb:maxPageNumber" content="0"/>
      <meta name="dtb:generator"
            content="tei2ncx.xsl, see http://code.google.com/p/tei2html/"/>
   </head>
   <docTitle>
      <text>Main Title of Work Goes Here</text>
   </docTitle>
   <docAuthor>
      <text>Author of Work (Birth-yearâ€”Death-year) A. U. Thor W. Riter</text>
   </docAuthor>
   <navMap>
      <navPoint class="chapter" id="ch04" playOrder="1">
         <navLabel>
            <text>A Chapter Dealing with Text Styles</text>
         </navLabel>
         <content src="ch04.xhtml"/>
      </navPoint>
      <navPoint class="chapter" id="ch05" playOrder="2">
         <navLabel>
            <text>Another Chapter, Dealing with Tables</text>
         </navLabel>
         <content src="ch05.xhtml"/>
         <navMap>
            <navPoint class="chapter" id="xd1e469" playOrder="3">
               <navLabel>
                  <text>Letters, Closers, and Openers</text>
               </navLabel>
               <content src="ch05.xhtml#xd1e469"/>
            </navPoint>
            <navPoint class="chapter" id="xd1e491" playOrder="5">
               <navLabel>
                  <text>Test level 2</text>
               </navLabel>
               <content src="ch05.xhtml#xd1e491"/>
            </navPoint>
         </navMap>
      </navPoint>
      <navPoint class="chapter" id="xd1e616" playOrder="6">
         <navLabel>
            <text>Tests of poetry</text>
         </navLabel>
         <content src="xd1e616.xhtml"/>
      </navPoint>
      <navPoint class="chapter" id="xd1e695" playOrder="8">
         <navLabel>
            <text>Index</text>
         </navLabel>
         <content src="xd1e695.xhtml"/>
         <navMap>
            <navPoint class="chapter" id="xd1e699" playOrder="9">
               <navLabel>
                  <text>A.</text>
               </navLabel>
               <content src="xd1e695.xhtml#xd1e699"/>
            </navPoint>
            <navPoint class="chapter" id="xd1e704" playOrder="10">
               <navLabel>
                  <text>B.</text>
               </navLabel>
               <content src="xd1e695.xhtml#xd1e704"/>
            </navPoint>
            <navPoint class="chapter" id="xd1e709" playOrder="11">
               <navLabel>
                  <text>C.</text>
               </navLabel>
               <content src="xd1e695.xhtml#xd1e709"/>
            </navPoint>
            <navPoint class="chapter" id="xd1e714" playOrder="12">
               <navLabel>
                  <text>D.</text>
               </navLabel>
               <content src="xd1e695.xhtml#xd1e714"/>
            </navPoint>
         </navMap>
      </navPoint>
   </navMap>
</ncx>